<?xml version="1.0" encoding="UTF-8"?>
<!-- Generated by org.testng.reporters.JUnitXMLReporter -->
<testsuite ignored="0" hostname="DESKTOP-SOFQLGG" failures="0" tests="3" name="Default test" time="55.219" errors="0" timestamp="2026-07-23T14:39:46 EET">
  <testcase classname="StoreApp.App" name="LogIn" time="43.419"/>
  <testcase classname="StoreApp.App" name="AddTheFirst2ProductsToTheCart" time="3.304"/>
  <testcase classname="StoreApp.App" name="Done" time="8.192"/>
</testsuite> <!-- Default test -->
