<?xml version="1.0" encoding="UTF-8"?>
<testng-results ignored="0" total="3" passed="3" failed="0" skipped="0">
  <reporter-output>
  </reporter-output>
  <suite started-at="2026-07-23T14:38:51 EET" name="Default suite" finished-at="2026-07-23T14:39:46 EET" duration-ms="55219">
    <groups>
    </groups>
    <test started-at="2026-07-23T14:38:51 EET" name="Default test" finished-at="2026-07-23T14:39:46 EET" duration-ms="55219">
      <class name="StoreApp.App">
        <test-method is-config="true" signature="mySetup()[pri:0, instance:StoreApp.App@662ac478]" started-at="2026-07-23T14:38:51 EET" name="mySetup" finished-at="2026-07-23T14:38:51 EET" duration-ms="82" status="PASS">
          <reporter-output>
          </reporter-output>
        </test-method> <!-- mySetup -->
        <test-method signature="LogIn()[pri:1, instance:StoreApp.App@662ac478]" started-at="2026-07-23T14:38:51 EET" name="LogIn" finished-at="2026-07-23T14:39:35 EET" duration-ms="43419" status="PASS">
          <reporter-output>
          </reporter-output>
        </test-method> <!-- LogIn -->
        <test-method signature="AddTheFirst2ProductsToTheCart()[pri:2, instance:StoreApp.App@662ac478]" started-at="2026-07-23T14:39:35 EET" name="AddTheFirst2ProductsToTheCart" finished-at="2026-07-23T14:39:38 EET" duration-ms="3304" status="PASS">
          <reporter-output>
          </reporter-output>
        </test-method> <!-- AddTheFirst2ProductsToTheCart -->
        <test-method signature="Done()[pri:3, instance:StoreApp.App@662ac478]" started-at="2026-07-23T14:39:38 EET" name="Done" finished-at="2026-07-23T14:39:46 EET" duration-ms="8192" status="PASS">
          <reporter-output>
          </reporter-output>
        </test-method> <!-- Done -->
      </class> <!-- StoreApp.App -->
    </test> <!-- Default test -->
  </suite> <!-- Default suite -->
</testng-results>
