<?xml version="1.0" encoding="UTF-8"?>
<!-- Generated by org.testng.reporters.JUnitReportReporter -->
<testsuite hostname="DESKTOP-SOFQLGG" failures="0" tests="3" name="StoreApp.App" time="54.915" errors="0" timestamp="2026-07-23T14:39:47 EET" skipped="0">
  <testcase classname="StoreApp.App" name="LogIn" time="43.419"/>
  <testcase classname="StoreApp.App" name="AddTheFirst2ProductsToTheCart" time="3.304"/>
  <testcase classname="StoreApp.App" name="Done" time="8.192"/>
</testsuite> <!-- StoreApp.App -->
